<?xml version="1.0" encoding="UTF-8"?>
<testsuite name="fr.iutinfo.skeleton.api.UserResourceTest" time="2.136" tests="14" errors="0" skipped="0" failures="0">
  <properties>
    <property name="java.runtime.name" value="Java(TM) SE Runtime Environment"/>
    <property name="sun.boot.library.path" value="/usr/lib/jvm/jdk-8-oracle-x64/jre/lib/amd64"/>
    <property name="java.vm.version" value="25.71-b15"/>
    <property name="java.vm.vendor" value="Oracle Corporation"/>
    <property name="maven.multiModuleProjectDirectory" value="/home/infoetu/catteauk/BlablaVacances/BlablaVacancesServeur"/>
    <property name="java.vendor.url" value="http://java.oracle.com/"/>
    <property name="path.separator" value=":"/>
    <property name="guice.disable.misplaced.annotation.check" value="true"/>
    <property name="java.vm.name" value="Java HotSpot(TM) 64-Bit Server VM"/>
    <property name="file.encoding.pkg" value="sun.io"/>
    <property name="user.country" value="FR"/>
    <property name="sun.java.launcher" value="SUN_STANDARD"/>
    <property name="sun.os.patch.level" value="unknown"/>
    <property name="java.vm.specification.name" value="Java Virtual Machine Specification"/>
    <property name="user.dir" value="/home/infoetu/catteauk/BlablaVacances/BlablaVacancesServeur"/>
    <property name="java.runtime.version" value="1.8.0_71-b15"/>
    <property name="java.awt.graphicsenv" value="sun.awt.X11GraphicsEnvironment"/>
    <property name="java.endorsed.dirs" value="/usr/lib/jvm/jdk-8-oracle-x64/jre/lib/endorsed"/>
    <property name="os.arch" value="amd64"/>
    <property name="java.io.tmpdir" value="/tmp"/>
    <property name="line.separator" value="&#10;"/>
    <property name="java.vm.specification.vendor" value="Oracle Corporation"/>
    <property name="os.name" value="Linux"/>
    <property name="classworlds.conf" value="/usr/share/maven/bin/m2.conf"/>
    <property name="sun.jnu.encoding" value="UTF-8"/>
    <property name="java.library.path" value="/usr/java/packages/lib/amd64:/usr/lib64:/lib64:/lib:/usr/lib"/>
    <property name="java.specification.name" value="Java Platform API Specification"/>
    <property name="java.class.version" value="52.0"/>
    <property name="sun.management.compiler" value="HotSpot 64-Bit Tiered Compilers"/>
    <property name="os.version" value="4.9.0-5-amd64"/>
    <property name="user.home" value="/home/infoetu/catteauk"/>
    <property name="user.timezone" value="Europe/Paris"/>
    <property name="java.awt.printerjob" value="sun.print.PSPrinterJob"/>
    <property name="file.encoding" value="UTF-8"/>
    <property name="java.specification.version" value="1.8"/>
    <property name="user.name" value="catteauk"/>
    <property name="java.class.path" value="/usr/share/maven/boot/plexus-classworlds-2.x.jar"/>
    <property name="java.vm.specification.version" value="1.8"/>
    <property name="sun.arch.data.model" value="64"/>
    <property name="java.home" value="/usr/lib/jvm/jdk-8-oracle-x64/jre"/>
    <property name="sun.java.command" value="org.codehaus.plexus.classworlds.launcher.Launcher install"/>
    <property name="java.specification.vendor" value="Oracle Corporation"/>
    <property name="user.language" value="fr"/>
    <property name="awt.toolkit" value="sun.awt.X11.XToolkit"/>
    <property name="java.vm.info" value="mixed mode"/>
    <property name="java.version" value="1.8.0_71"/>
    <property name="java.ext.dirs" value="/usr/lib/jvm/jdk-8-oracle-x64/jre/lib/ext:/usr/java/packages/lib/ext"/>
    <property name="securerandom.source" value="file:/dev/./urandom"/>
    <property name="sun.boot.class.path" value="/usr/lib/jvm/jdk-8-oracle-x64/jre/lib/resources.jar:/usr/lib/jvm/jdk-8-oracle-x64/jre/lib/rt.jar:/usr/lib/jvm/jdk-8-oracle-x64/jre/lib/sunrsasign.jar:/usr/lib/jvm/jdk-8-oracle-x64/jre/lib/jsse.jar:/usr/lib/jvm/jdk-8-oracle-x64/jre/lib/jce.jar:/usr/lib/jvm/jdk-8-oracle-x64/jre/lib/charsets.jar:/usr/lib/jvm/jdk-8-oracle-x64/jre/lib/jfr.jar:/usr/lib/jvm/jdk-8-oracle-x64/jre/classes"/>
    <property name="java.vendor" value="Oracle Corporation"/>
    <property name="maven.home" value="/usr/share/maven"/>
    <property name="file.separator" value="/"/>
    <property name="java.vendor.url.bug" value="http://bugreport.sun.com/bugreport/"/>
    <property name="sun.cpu.endian" value="little"/>
    <property name="sun.io.unicode.encoding" value="UnicodeLittle"/>
    <property name="sun.cpu.isalist" value=""/>
  </properties>
  <testcase name="list_should_search_in_alias_field" classname="fr.iutinfo.skeleton.api.UserResourceTest" time="0.505"/>
  <testcase name="after_delete_read_user_sould_return_204" classname="fr.iutinfo.skeleton.api.UserResourceTest" time="0.145"/>
  <testcase name="delete_unexisting_should_return_404" classname="fr.iutinfo.skeleton.api.UserResourceTest" time="0.101"/>
  <testcase name="read_user_should_read_user_with_same_salt" classname="fr.iutinfo.skeleton.api.UserResourceTest" time="0.11"/>
  <testcase name="should_delete_user" classname="fr.iutinfo.skeleton.api.UserResourceTest" time="0.128"/>
  <testcase name="list_should_search_in_email_field" classname="fr.iutinfo.skeleton.api.UserResourceTest" time="0.17"/>
  <testcase name="read_user_should_return_hashed_password" classname="fr.iutinfo.skeleton.api.UserResourceTest" time="0.103"/>
  <testcase name="list_all_must_be_ordered" classname="fr.iutinfo.skeleton.api.UserResourceTest" time="0.151"/>
  <testcase name="create_should_return_the_user_with_valid_id" classname="fr.iutinfo.skeleton.api.UserResourceTest" time="0.114"/>
  <testcase name="read_should_return_a_user_as_object" classname="fr.iutinfo.skeleton.api.UserResourceTest" time="0.108"/>
  <testcase name="list_should_search_in_name_field" classname="fr.iutinfo.skeleton.api.UserResourceTest" time="0.15"/>
  <testcase name="list_should_return_all_users" classname="fr.iutinfo.skeleton.api.UserResourceTest" time="0.142"/>
  <testcase name="read_user_should_return_good_alias" classname="fr.iutinfo.skeleton.api.UserResourceTest" time="0.103"/>
  <testcase name="read_user_should_return_good_email" classname="fr.iutinfo.skeleton.api.UserResourceTest" time="0.106"/>
</testsuite>